{
  "RSpec": {
    "coverage": {
      "/mnt/c/Users/Meghan/Documents/Personal/School/Senior/SELT/seltRepo/Team9_SELT2020/app/helpers/application_helper.rb": {
        "lines": [
          1,
          null
        ]
      },
      "/mnt/c/Users/Meghan/Documents/Personal/School/Senior/SELT/seltRepo/Team9_SELT2020/app/helpers/sessions_helper.rb": {
        "lines": [
          1,
          null
        ]
      },
      "/mnt/c/Users/Meghan/Documents/Personal/School/Senior/SELT/seltRepo/Team9_SELT2020/app/helpers/settings_helper.rb": {
        "lines": [
          1,
          null
        ]
      },
      "/mnt/c/Users/Meghan/Documents/Personal/School/Senior/SELT/seltRepo/Team9_SELT2020/app/helpers/users_helper.rb": {
        "lines": [
          1,
          null
        ]
      },
      "/mnt/c/Users/Meghan/Documents/Personal/School/Senior/SELT/seltRepo/Team9_SELT2020/app/controllers/cards_controller.rb": {
        "lines": [
          1,
          null,
          1,
          0,
          null,
          null,
          1,
          1,
          0,
          null,
          null,
          1,
          1,
          1,
          1,
          1,
          0,
          null,
          null,
          1,
          null,
          3,
          3,
          null,
          9,
          null,
          9,
          0,
          0,
          null,
          9,
          null,
          9,
          null,
          9,
          null,
          null,
          3,
          null,
          1,
          null,
          null,
          null,
          null,
          null,
          null
        ]
      },
      "/mnt/c/Users/Meghan/Documents/Personal/School/Senior/SELT/seltRepo/Team9_SELT2020/app/controllers/application_controller.rb": {
        "lines": [
          1,
          1,
          1,
          1,
          1,
          1,
          null,
          null,
          1,
          0,
          null,
          null
        ]
      },
      "/mnt/c/Users/Meghan/Documents/Personal/School/Senior/SELT/seltRepo/Team9_SELT2020/app/controllers/sessions_controller.rb": {
        "lines": [
          1,
          1,
          null,
          null,
          1,
          null,
          null,
          null,
          1,
          0,
          0,
          0,
          0,
          0,
          0,
          0,
          0,
          null,
          null,
          1,
          1,
          1,
          1,
          1,
          1,
          0,
          0,
          0,
          0,
          null,
          null,
          1,
          0,
          0,
          0,
          0,
          null,
          null,
          1,
          0,
          0,
          0,
          0,
          null,
          null,
          null,
          1,
          4,
          52,
          null,
          null,
          null,
          1,
          1,
          52,
          null,
          null,
          null,
          null,
          1,
          null,
          0,
          null,
          0,
          0,
          0,
          0,
          null,
          0,
          null,
          0,
          0,
          0,
          0,
          0,
          0,
          0,
          0,
          0,
          0,
          null,
          null,
          1,
          0,
          0,
          0,
          0,
          0,
          0,
          0,
          0,
          0,
          0,
          null,
          0,
          0,
          null,
          null,
          0,
          0,
          null,
          null,
          0,
          null,
          null,
          null,
          1,
          0,
          0,
          0,
          0,
          0,
          0,
          0,
          null,
          null
        ]
      },
      "/mnt/c/Users/Meghan/Documents/Personal/School/Senior/SELT/seltRepo/Team9_SELT2020/app/controllers/settings_controller.rb": {
        "lines": [
          1,
          null,
          1,
          null,
          null
        ]
      },
      "/mnt/c/Users/Meghan/Documents/Personal/School/Senior/SELT/seltRepo/Team9_SELT2020/app/controllers/users_controller.rb": {
        "lines": [
          1,
          null,
          1,
          0,
          0,
          0,
          0,
          0,
          null,
          0,
          0,
          0,
          0,
          null,
          0,
          0,
          null,
          null,
          1,
          0,
          0,
          null,
          0,
          0,
          null,
          null,
          null,
          1,
          0,
          0,
          0,
          0,
          null,
          0,
          0,
          null,
          null,
          null,
          null,
          1,
          0,
          0,
          0,
          0,
          0,
          null,
          null,
          0,
          0,
          null,
          0,
          0,
          null,
          null,
          null,
          1,
          2,
          2,
          2,
          2,
          1,
          null,
          1,
          null,
          null,
          2,
          null,
          0,
          null,
          null,
          null,
          1,
          0,
          0,
          0,
          0,
          0,
          0,
          null,
          null,
          0,
          null,
          0,
          null,
          null,
          null,
          null,
          1,
          0,
          0,
          0,
          0,
          null,
          0,
          0,
          null,
          0,
          null,
          null,
          null,
          null,
          1,
          0,
          0,
          null,
          0,
          0,
          0,
          0,
          0,
          null,
          null,
          null,
          null,
          null,
          1,
          0,
          0,
          0,
          0,
          0,
          0,
          0,
          null,
          0,
          null,
          null,
          null,
          null,
          null
        ]
      },
      "/mnt/c/Users/Meghan/Documents/Personal/School/Senior/SELT/seltRepo/Team9_SELT2020/app/models/card.rb": {
        "lines": [
          1,
          null
        ]
      },
      "/mnt/c/Users/Meghan/Documents/Personal/School/Senior/SELT/seltRepo/Team9_SELT2020/app/models/settings.rb": {
        "lines": [
          1,
          null,
          null
        ]
      },
      "/mnt/c/Users/Meghan/Documents/Personal/School/Senior/SELT/seltRepo/Team9_SELT2020/app/models/user.rb": {
        "lines": [
          1,
          1,
          1,
          1,
          1,
          1,
          1,
          1,
          1,
          1,
          1,
          null,
          null,
          null
        ]
      },
      "/mnt/c/Users/Meghan/Documents/Personal/School/Senior/SELT/seltRepo/Team9_SELT2020/app/channels/application_cable/channel.rb": {
        "lines": [
          0,
          0,
          0,
          0
        ],
        "branches": {
        }
      },
      "/mnt/c/Users/Meghan/Documents/Personal/School/Senior/SELT/seltRepo/Team9_SELT2020/app/channels/application_cable/connection.rb": {
        "lines": [
          0,
          0,
          0,
          0
        ],
        "branches": {
        }
      },
      "/mnt/c/Users/Meghan/Documents/Personal/School/Senior/SELT/seltRepo/Team9_SELT2020/app/jobs/application_job.rb": {
        "lines": [
          0,
          0
        ],
        "branches": {
        }
      },
      "/mnt/c/Users/Meghan/Documents/Personal/School/Senior/SELT/seltRepo/Team9_SELT2020/app/mailers/application_mailer.rb": {
        "lines": [
          0,
          0,
          0,
          0
        ],
        "branches": {
        }
      },
      "/mnt/c/Users/Meghan/Documents/Personal/School/Senior/SELT/seltRepo/Team9_SELT2020/app/models/application_record.rb": {
        "lines": [
          0,
          0,
          0
        ],
        "branches": {
        }
      },
      "/mnt/c/Users/Meghan/Documents/Personal/School/Senior/SELT/seltRepo/Team9_SELT2020/app/models/score.rb": {
        "lines": [
          0,
          0,
          0,
          0,
          0,
          0
        ],
        "branches": {
        }
      }
    },
    "timestamp": 1607830855
  }
}
